<?xml version="1.0" encoding="UTF-8"?>
<coverage generated="1764403354778" clover="3.2.0">
  <project timestamp="1764403354778" name="All files">
    <metrics statements="76" coveredstatements="71" conditionals="20" coveredconditionals="15" methods="35" coveredmethods="30" elements="131" coveredelements="116" complexity="0" loc="76" ncloc="76" packages="2" files="9" classes="9"/>
    <package name="src.components">
      <metrics statements="75" coveredstatements="70" conditionals="20" coveredconditionals="15" methods="35" coveredmethods="30"/>
      <file name="BodyComponent.js" path="/Users/anujkamboj.27/Windows_BackUP/NAMASTE_DEV/NAMASTE_REACT/grYp/src/components/BodyComponent.js">
        <metrics statements="24" coveredstatements="24" conditionals="8" coveredconditionals="5" methods="9" coveredmethods="9"/>
        <line num="8" count="1" type="stmt"/>
        <line num="9" count="7" type="stmt"/>
        <line num="10" count="7" type="stmt"/>
        <line num="11" count="7" type="stmt"/>
        <line num="13" count="7" type="stmt"/>
        <line num="15" count="7" type="stmt"/>
        <line num="17" count="7" type="stmt"/>
        <line num="18" count="2" type="stmt"/>
        <line num="21" count="7" type="stmt"/>
        <line num="22" count="2" type="stmt"/>
        <line num="23" count="2" type="stmt"/>
        <line num="25" count="2" type="stmt"/>
        <line num="29" count="2" type="stmt"/>
        <line num="42" count="7" type="cond" truecount="2" falsecount="0"/>
        <line num="71" count="1" type="stmt"/>
        <line num="78" count="1" type="stmt"/>
        <line num="79" count="1" type="stmt"/>
        <line num="80" count="8" type="stmt"/>
        <line num="84" count="1" type="stmt"/>
        <line num="85" count="1" type="stmt"/>
        <line num="95" count="1" type="stmt"/>
        <line num="96" count="8" type="stmt"/>
        <line num="98" count="1" type="stmt"/>
        <line num="106" count="30" type="stmt"/>
      </file>
      <file name="CartComponent.js" path="/Users/anujkamboj.27/Windows_BackUP/NAMASTE_DEV/NAMASTE_REACT/grYp/src/components/CartComponent.js">
        <metrics statements="7" coveredstatements="5" conditionals="2" coveredconditionals="2" methods="4" coveredmethods="2"/>
        <line num="6" count="1" type="stmt"/>
        <line num="7" count="6" type="stmt"/>
        <line num="9" count="3" type="stmt"/>
        <line num="11" count="3" type="stmt"/>
        <line num="13" count="0" type="stmt"/>
        <line num="16" count="3" type="stmt"/>
        <line num="22" count="0" type="stmt"/>
      </file>
      <file name="HeaderComponent.js" path="/Users/anujkamboj.27/Windows_BackUP/NAMASTE_DEV/NAMASTE_REACT/grYp/src/components/HeaderComponent.js">
        <metrics statements="6" coveredstatements="6" conditionals="4" coveredconditionals="3" methods="3" coveredmethods="3"/>
        <line num="7" count="2" type="stmt"/>
        <line num="8" count="8" type="stmt"/>
        <line num="9" count="8" type="stmt"/>
        <line num="12" count="15" type="stmt"/>
        <line num="14" count="8" type="stmt"/>
        <line num="44" count="1" type="cond" truecount="1" falsecount="1"/>
      </file>
      <file name="ItemListAccordion.js" path="/Users/anujkamboj.27/Windows_BackUP/NAMASTE_DEV/NAMASTE_REACT/grYp/src/components/ItemListAccordion.js">
        <metrics statements="11" coveredstatements="9" conditionals="2" coveredconditionals="2" methods="7" coveredmethods="5"/>
        <line num="5" count="1" type="stmt"/>
        <line num="6" count="7" type="stmt"/>
        <line num="8" count="14" type="stmt"/>
        <line num="10" count="7" type="stmt"/>
        <line num="13" count="2" type="stmt"/>
        <line num="16" count="7" type="stmt"/>
        <line num="19" count="0" type="stmt"/>
        <line num="22" count="7" type="stmt"/>
        <line num="25" count="12" type="stmt"/>
        <line num="50" count="0" type="stmt"/>
        <line num="57" count="2" type="stmt"/>
      </file>
      <file name="Profile.js" path="/Users/anujkamboj.27/Windows_BackUP/NAMASTE_DEV/NAMASTE_REACT/grYp/src/components/Profile.js">
        <metrics statements="4" coveredstatements="3" conditionals="0" coveredconditionals="0" methods="2" coveredmethods="1"/>
        <line num="4" count="1" type="stmt"/>
        <line num="5" count="2" type="stmt"/>
        <line num="7" count="2" type="stmt"/>
        <line num="21" count="0" type="stmt"/>
      </file>
      <file name="RestaurantCard.js" path="/Users/anujkamboj.27/Windows_BackUP/NAMASTE_DEV/NAMASTE_REACT/grYp/src/components/RestaurantCard.js">
        <metrics statements="7" coveredstatements="7" conditionals="0" coveredconditionals="0" methods="3" coveredmethods="3"/>
        <line num="4" count="1" type="stmt"/>
        <line num="5" count="30" type="stmt"/>
        <line num="7" count="30" type="stmt"/>
        <line num="9" count="30" type="stmt"/>
        <line num="46" count="1" type="stmt"/>
        <line num="47" count="7" type="stmt"/>
        <line num="48" count="30" type="stmt"/>
      </file>
      <file name="RestaurantMenu.js" path="/Users/anujkamboj.27/Windows_BackUP/NAMASTE_DEV/NAMASTE_REACT/grYp/src/components/RestaurantMenu.js">
        <metrics statements="13" coveredstatements="13" conditionals="4" coveredconditionals="3" methods="5" coveredmethods="5"/>
        <line num="7" count="1" type="stmt"/>
        <line num="8" count="3" type="stmt"/>
        <line num="10" count="3" type="stmt"/>
        <line num="14" count="3" type="stmt"/>
        <line num="16" count="3" type="cond" truecount="2" falsecount="0"/>
        <line num="17" count="1" type="stmt"/>
        <line num="21" count="2" type="stmt"/>
        <line num="24" count="2" type="stmt"/>
        <line num="28" count="2" type="stmt"/>
        <line num="30" count="8" type="stmt"/>
        <line num="35" count="2" type="stmt"/>
        <line num="52" count="6" type="stmt"/>
        <line num="56" count="1" type="cond" truecount="1" falsecount="1"/>
      </file>
      <file name="ShimmerCommponent.js" path="/Users/anujkamboj.27/Windows_BackUP/NAMASTE_DEV/NAMASTE_REACT/grYp/src/components/ShimmerCommponent.js">
        <metrics statements="3" coveredstatements="3" conditionals="0" coveredconditionals="0" methods="2" coveredmethods="2"/>
        <line num="1" count="2" type="stmt"/>
        <line num="2" count="3" type="stmt"/>
        <line num="5" count="24" type="stmt"/>
      </file>
    </package>
    <package name="utils.redux">
      <metrics statements="1" coveredstatements="1" conditionals="0" coveredconditionals="0" methods="0" coveredmethods="0"/>
      <file name="appStore.js" path="/Users/anujkamboj.27/Windows_BackUP/NAMASTE_DEV/NAMASTE_REACT/grYp/utils/redux/appStore.js">
        <metrics statements="1" coveredstatements="1" conditionals="0" coveredconditionals="0" methods="0" coveredmethods="0"/>
        <line num="4" count="2" type="stmt"/>
      </file>
    </package>
  </project>
</coverage>
