{"/Users/anujkamboj.27/Windows_BackUP/NAMASTE_DEV/NAMASTE_REACT/grYp/src/components/BodyComponent.js": {"path":"/Users/anujkamboj.27/Windows_BackUP/NAMASTE_DEV/NAMASTE_REACT/grYp/src/components/BodyComponent.js","statementMap":{"0":{"start":{"line":8,"column":29},"end":{"line":120,"column":1}},"1":{"start":{"line":9,"column":52},"end":{"line":9,"column":64}},"2":{"start":{"line":10,"column":62},"end":{"line":10,"column":74}},"3":{"start":{"line":11,"column":38},"end":{"line":11,"column":50}},"4":{"start":{"line":13,"column":25},"end":{"line":13,"column":44}},"5":{"start":{"line":15,"column":33},"end":{"line":15,"column":66}},"6":{"start":{"line":17,"column":2},"end":{"line":19,"column":9}},"7":{"start":{"line":18,"column":4},"end":{"line":18,"column":16}},"8":{"start":{"line":21,"column":20},"end":{"line":33,"column":3}},"9":{"start":{"line":22,"column":21},"end":{"line":22,"column":40}},"10":{"start":{"line":23,"column":21},"end":{"line":23,"column":42}},"11":{"start":{"line":25,"column":4},"end":{"line":28,"column":6}},"12":{"start":{"line":29,"column":4},"end":{"line":32,"column":6}},"13":{"start":{"line":42,"column":2},"end":{"line":119,"column":4}},"14":{"start":{"line":71,"column":12},"end":{"line":71,"column":42}},"15":{"start":{"line":78,"column":12},"end":{"line":78,"column":36}},"16":{"start":{"line":79,"column":39},"end":{"line":83,"column":13}},"17":{"start":{"line":80,"column":14},"end":{"line":82,"column":51}},"18":{"start":{"line":84,"column":12},"end":{"line":84,"column":44}},"19":{"start":{"line":85,"column":12},"end":{"line":85,"column":58}},"20":{"start":{"line":95,"column":33},"end":{"line":97,"column":13}},"21":{"start":{"line":96,"column":30},"end":{"line":96,"column":61}},"22":{"start":{"line":98,"column":12},"end":{"line":98,"column":52}},"23":{"start":{"line":106,"column":10},"end":{"line":115,"column":17}}},"fnMap":{"0":{"name":"(anonymous_0)","decl":{"start":{"line":8,"column":29},"end":{"line":8,"column":30}},"loc":{"start":{"line":8,"column":35},"end":{"line":120,"column":1}},"line":8},"1":{"name":"(anonymous_1)","decl":{"start":{"line":17,"column":12},"end":{"line":17,"column":13}},"loc":{"start":{"line":17,"column":18},"end":{"line":19,"column":3}},"line":17},"2":{"name":"(anonymous_2)","decl":{"start":{"line":21,"column":20},"end":{"line":21,"column":21}},"loc":{"start":{"line":21,"column":32},"end":{"line":33,"column":3}},"line":21},"3":{"name":"(anonymous_3)","decl":{"start":{"line":70,"column":20},"end":{"line":70,"column":21}},"loc":{"start":{"line":70,"column":27},"end":{"line":72,"column":11}},"line":70},"4":{"name":"(anonymous_4)","decl":{"start":{"line":77,"column":19},"end":{"line":77,"column":20}},"loc":{"start":{"line":77,"column":25},"end":{"line":86,"column":11}},"line":77},"5":{"name":"(anonymous_5)","decl":{"start":{"line":79,"column":64},"end":{"line":79,"column":65}},"loc":{"start":{"line":80,"column":14},"end":{"line":82,"column":51}},"line":80},"6":{"name":"(anonymous_6)","decl":{"start":{"line":94,"column":19},"end":{"line":94,"column":20}},"loc":{"start":{"line":94,"column":25},"end":{"line":99,"column":11}},"line":94},"7":{"name":"(anonymous_7)","decl":{"start":{"line":96,"column":14},"end":{"line":96,"column":15}},"loc":{"start":{"line":96,"column":30},"end":{"line":96,"column":61}},"line":96},"8":{"name":"(anonymous_8)","decl":{"start":{"line":105,"column":36},"end":{"line":105,"column":37}},"loc":{"start":{"line":106,"column":10},"end":{"line":115,"column":17}},"line":106}},"branchMap":{"0":{"loc":{"start":{"line":42,"column":9},"end":{"line":119,"column":3}},"type":"cond-expr","locations":[{"start":{"line":43,"column":4},"end":{"line":43,"column":25}},{"start":{"line":45,"column":4},"end":{"line":118,"column":10}}],"line":42},"1":{"loc":{"start":{"line":47,"column":14},"end":{"line":47,"column":51}},"type":"cond-expr","locations":[{"start":{"line":47,"column":40},"end":{"line":47,"column":44}},{"start":{"line":47,"column":47},"end":{"line":47,"column":51}}],"line":47},"2":{"loc":{"start":{"line":48,"column":9},"end":{"line":62,"column":9}},"type":"binary-expr","locations":[{"start":{"line":48,"column":9},"end":{"line":48,"column":24}},{"start":{"line":49,"column":10},"end":{"line":61,"column":16}}],"line":48},"3":{"loc":{"start":{"line":110,"column":13},"end":{"line":114,"column":13}},"type":"cond-expr","locations":[{"start":{"line":111,"column":14},"end":{"line":111,"column":61}},{"start":{"line":113,"column":14},"end":{"line":113,"column":53}}],"line":110}},"s":{"0":1,"1":7,"2":7,"3":7,"4":7,"5":7,"6":7,"7":2,"8":7,"9":2,"10":2,"11":2,"12":2,"13":7,"14":1,"15":1,"16":1,"17":8,"18":1,"19":1,"20":1,"21":8,"22":1,"23":30},"f":{"0":7,"1":2,"2":2,"3":1,"4":1,"5":8,"6":1,"7":8,"8":30},"b":{"0":[2,5],"1":[5,0],"2":[5,0],"3":[30,0]},"_coverageSchema":"1a1c01bbd47fc00a2c39e90264f33305004495a9","hash":"3c189b1ee30db366c2519200f6c5fa639d90f057"}
,"/Users/anujkamboj.27/Windows_BackUP/NAMASTE_DEV/NAMASTE_REACT/grYp/src/components/CartComponent.js": {"path":"/Users/anujkamboj.27/Windows_BackUP/NAMASTE_DEV/NAMASTE_REACT/grYp/src/components/CartComponent.js","statementMap":{"0":{"start":{"line":6,"column":22},"end":{"line":36,"column":1}},"1":{"start":{"line":7,"column":20},"end":{"line":7,"column":59}},"2":{"start":{"line":7,"column":42},"end":{"line":7,"column":58}},"3":{"start":{"line":9,"column":19},"end":{"line":9,"column":32}},"4":{"start":{"line":11,"column":25},"end":{"line":14,"column":3}},"5":{"start":{"line":13,"column":4},"end":{"line":13,"column":26}},"6":{"start":{"line":16,"column":2},"end":{"line":35,"column":4}},"7":{"start":{"line":22,"column":23},"end":{"line":22,"column":40}}},"fnMap":{"0":{"name":"(anonymous_0)","decl":{"start":{"line":6,"column":22},"end":{"line":6,"column":23}},"loc":{"start":{"line":6,"column":28},"end":{"line":36,"column":1}},"line":6},"1":{"name":"(anonymous_1)","decl":{"start":{"line":7,"column":32},"end":{"line":7,"column":33}},"loc":{"start":{"line":7,"column":42},"end":{"line":7,"column":58}},"line":7},"2":{"name":"(anonymous_2)","decl":{"start":{"line":11,"column":25},"end":{"line":11,"column":26}},"loc":{"start":{"line":11,"column":29},"end":{"line":14,"column":3}},"line":11},"3":{"name":"(anonymous_3)","decl":{"start":{"line":22,"column":19},"end":{"line":22,"column":20}},"loc":{"start":{"line":22,"column":23},"end":{"line":22,"column":40}},"line":22}},"branchMap":{"0":{"loc":{"start":{"line":32,"column":9},"end":{"line":32,"column":132}},"type":"binary-expr","locations":[{"start":{"line":32,"column":9},"end":{"line":32,"column":31}},{"start":{"line":32,"column":35},"end":{"line":32,"column":132}}],"line":32}},"s":{"0":1,"1":3,"2":6,"3":3,"4":3,"5":0,"6":3,"7":0},"f":{"0":3,"1":6,"2":0,"3":0},"b":{"0":[3,1]},"_coverageSchema":"1a1c01bbd47fc00a2c39e90264f33305004495a9","hash":"083e5b643be4d6d98b8b803da0a38b4eac4f1116"}
,"/Users/anujkamboj.27/Windows_BackUP/NAMASTE_DEV/NAMASTE_REACT/grYp/src/components/HeaderComponent.js": {"path":"/Users/anujkamboj.27/Windows_BackUP/NAMASTE_DEV/NAMASTE_REACT/grYp/src/components/HeaderComponent.js","statementMap":{"0":{"start":{"line":7,"column":31},"end":{"line":58,"column":1}},"1":{"start":{"line":8,"column":34},"end":{"line":8,"column":51}},"2":{"start":{"line":9,"column":25},"end":{"line":9,"column":48}},"3":{"start":{"line":12,"column":20},"end":{"line":12,"column":59}},"4":{"start":{"line":12,"column":42},"end":{"line":12,"column":58}},"5":{"start":{"line":14,"column":2},"end":{"line":57,"column":4}},"6":{"start":{"line":44,"column":14},"end":{"line":46,"column":39}}},"fnMap":{"0":{"name":"(anonymous_0)","decl":{"start":{"line":7,"column":31},"end":{"line":7,"column":32}},"loc":{"start":{"line":7,"column":37},"end":{"line":58,"column":1}},"line":7},"1":{"name":"(anonymous_1)","decl":{"start":{"line":12,"column":32},"end":{"line":12,"column":33}},"loc":{"start":{"line":12,"column":42},"end":{"line":12,"column":58}},"line":12},"2":{"name":"(anonymous_2)","decl":{"start":{"line":43,"column":21},"end":{"line":43,"column":22}},"loc":{"start":{"line":43,"column":27},"end":{"line":47,"column":13}},"line":43}},"branchMap":{"0":{"loc":{"start":{"line":44,"column":14},"end":{"line":46,"column":38}},"type":"cond-expr","locations":[{"start":{"line":45,"column":18},"end":{"line":45,"column":39}},{"start":{"line":46,"column":18},"end":{"line":46,"column":38}}],"line":44},"1":{"loc":{"start":{"line":52,"column":13},"end":{"line":52,"column":48}},"type":"binary-expr","locations":[{"start":{"line":52,"column":13},"end":{"line":52,"column":32}},{"start":{"line":52,"column":36},"end":{"line":52,"column":48}}],"line":52}},"s":{"0":2,"1":8,"2":8,"3":8,"4":15,"5":8,"6":1},"f":{"0":8,"1":15,"2":1},"b":{"0":[1,0],"1":[8,1]},"_coverageSchema":"1a1c01bbd47fc00a2c39e90264f33305004495a9","hash":"0f3a076f7add20a436b484a1cc1aee1f90ed86d5"}
,"/Users/anujkamboj.27/Windows_BackUP/NAMASTE_DEV/NAMASTE_REACT/grYp/src/components/ItemListAccordion.js": {"path":"/Users/anujkamboj.27/Windows_BackUP/NAMASTE_DEV/NAMASTE_REACT/grYp/src/components/ItemListAccordion.js","statementMap":{"0":{"start":{"line":5,"column":26},"end":{"line":67,"column":1}},"1":{"start":{"line":6,"column":19},"end":{"line":6,"column":32}},"2":{"start":{"line":8,"column":20},"end":{"line":8,"column":60}},"3":{"start":{"line":8,"column":43},"end":{"line":8,"column":59}},"4":{"start":{"line":10,"column":24},"end":{"line":14,"column":3}},"5":{"start":{"line":13,"column":4},"end":{"line":13,"column":28}},"6":{"start":{"line":16,"column":27},"end":{"line":20,"column":3}},"7":{"start":{"line":19,"column":4},"end":{"line":19,"column":31}},"8":{"start":{"line":22,"column":2},"end":{"line":66,"column":4}},"9":{"start":{"line":25,"column":8},"end":{"line":63,"column":14}},"10":{"start":{"line":50,"column":33},"end":{"line":50,"column":55}},"11":{"start":{"line":57,"column":31},"end":{"line":57,"column":50}}},"fnMap":{"0":{"name":"(anonymous_0)","decl":{"start":{"line":5,"column":26},"end":{"line":5,"column":27}},"loc":{"start":{"line":5,"column":41},"end":{"line":67,"column":1}},"line":5},"1":{"name":"(anonymous_1)","decl":{"start":{"line":8,"column":32},"end":{"line":8,"column":33}},"loc":{"start":{"line":8,"column":43},"end":{"line":8,"column":59}},"line":8},"2":{"name":"(anonymous_2)","decl":{"start":{"line":10,"column":24},"end":{"line":10,"column":25}},"loc":{"start":{"line":10,"column":34},"end":{"line":14,"column":3}},"line":10},"3":{"name":"(anonymous_3)","decl":{"start":{"line":16,"column":27},"end":{"line":16,"column":28}},"loc":{"start":{"line":16,"column":37},"end":{"line":20,"column":3}},"line":16},"4":{"name":"(anonymous_4)","decl":{"start":{"line":24,"column":17},"end":{"line":24,"column":18}},"loc":{"start":{"line":25,"column":8},"end":{"line":63,"column":14}},"line":25},"5":{"name":"(anonymous_5)","decl":{"start":{"line":50,"column":27},"end":{"line":50,"column":28}},"loc":{"start":{"line":50,"column":33},"end":{"line":50,"column":55}},"line":50},"6":{"name":"(anonymous_6)","decl":{"start":{"line":57,"column":25},"end":{"line":57,"column":26}},"loc":{"start":{"line":57,"column":31},"end":{"line":57,"column":50}},"line":57}},"branchMap":{"0":{"loc":{"start":{"line":47,"column":15},"end":{"line":54,"column":15}},"type":"binary-expr","locations":[{"start":{"line":47,"column":15},"end":{"line":47,"column":37}},{"start":{"line":48,"column":16},"end":{"line":53,"column":25}}],"line":47}},"s":{"0":1,"1":7,"2":7,"3":14,"4":7,"5":2,"6":7,"7":0,"8":7,"9":12,"10":0,"11":2},"f":{"0":7,"1":14,"2":2,"3":0,"4":12,"5":0,"6":2},"b":{"0":[12,7]},"_coverageSchema":"1a1c01bbd47fc00a2c39e90264f33305004495a9","hash":"cb707c55c7be25bbeb200e7bcf5bb7c893f0cd2f"}
,"/Users/anujkamboj.27/Windows_BackUP/NAMASTE_DEV/NAMASTE_REACT/grYp/src/components/Profile.js": {"path":"/Users/anujkamboj.27/Windows_BackUP/NAMASTE_DEV/NAMASTE_REACT/grYp/src/components/Profile.js","statementMap":{"0":{"start":{"line":4,"column":16},"end":{"line":27,"column":1}},"1":{"start":{"line":5,"column":43},"end":{"line":5,"column":66}},"2":{"start":{"line":7,"column":2},"end":{"line":26,"column":4}},"3":{"start":{"line":21,"column":12},"end":{"line":21,"column":43}}},"fnMap":{"0":{"name":"(anonymous_0)","decl":{"start":{"line":4,"column":16},"end":{"line":4,"column":17}},"loc":{"start":{"line":4,"column":22},"end":{"line":27,"column":1}},"line":4},"1":{"name":"(anonymous_1)","decl":{"start":{"line":20,"column":20},"end":{"line":20,"column":21}},"loc":{"start":{"line":20,"column":27},"end":{"line":22,"column":11}},"line":20}},"branchMap":{},"s":{"0":1,"1":2,"2":2,"3":0},"f":{"0":2,"1":0},"b":{},"_coverageSchema":"1a1c01bbd47fc00a2c39e90264f33305004495a9","hash":"a08596d2df80042f2725094c3b9ca6285fb97a8c"}
,"/Users/anujkamboj.27/Windows_BackUP/NAMASTE_DEV/NAMASTE_REACT/grYp/src/components/RestaurantCard.js": {"path":"/Users/anujkamboj.27/Windows_BackUP/NAMASTE_DEV/NAMASTE_REACT/grYp/src/components/RestaurantCard.js","statementMap":{"0":{"start":{"line":4,"column":30},"end":{"line":40,"column":1}},"1":{"start":{"line":5,"column":22},"end":{"line":5,"column":27}},"2":{"start":{"line":7,"column":4},"end":{"line":7,"column":16}},"3":{"start":{"line":9,"column":2},"end":{"line":39,"column":4}},"4":{"start":{"line":46,"column":33},"end":{"line":57,"column":1}},"5":{"start":{"line":47,"column":2},"end":{"line":56,"column":4}},"6":{"start":{"line":48,"column":4},"end":{"line":55,"column":6}}},"fnMap":{"0":{"name":"(anonymous_0)","decl":{"start":{"line":4,"column":30},"end":{"line":4,"column":31}},"loc":{"start":{"line":4,"column":41},"end":{"line":40,"column":1}},"line":4},"1":{"name":"(anonymous_1)","decl":{"start":{"line":46,"column":33},"end":{"line":46,"column":34}},"loc":{"start":{"line":46,"column":53},"end":{"line":57,"column":1}},"line":46},"2":{"name":"(anonymous_2)","decl":{"start":{"line":47,"column":9},"end":{"line":47,"column":10}},"loc":{"start":{"line":47,"column":20},"end":{"line":56,"column":3}},"line":47}},"branchMap":{},"s":{"0":1,"1":30,"2":30,"3":30,"4":1,"5":7,"6":30},"f":{"0":30,"1":7,"2":30},"b":{},"_coverageSchema":"1a1c01bbd47fc00a2c39e90264f33305004495a9","hash":"3db8e08198ec6c9ce97720a5e04e71e26c07128f"}
,"/Users/anujkamboj.27/Windows_BackUP/NAMASTE_DEV/NAMASTE_REACT/grYp/src/components/RestaurantMenu.js": {"path":"/Users/anujkamboj.27/Windows_BackUP/NAMASTE_DEV/NAMASTE_REACT/grYp/src/components/RestaurantMenu.js","statementMap":{"0":{"start":{"line":7,"column":23},"end":{"line":62,"column":1}},"1":{"start":{"line":8,"column":20},"end":{"line":8,"column":31}},"2":{"start":{"line":10,"column":36},"end":{"line":10,"column":47}},"3":{"start":{"line":14,"column":18},"end":{"line":14,"column":42}},"4":{"start":{"line":16,"column":2},"end":{"line":18,"column":3}},"5":{"start":{"line":17,"column":4},"end":{"line":17,"column":33}},"6":{"start":{"line":21,"column":4},"end":{"line":21,"column":39}},"7":{"start":{"line":24,"column":4},"end":{"line":24,"column":79}},"8":{"start":{"line":28,"column":4},"end":{"line":32,"column":5}},"9":{"start":{"line":30,"column":8},"end":{"line":31,"column":70}},"10":{"start":{"line":35,"column":2},"end":{"line":61,"column":4}},"11":{"start":{"line":52,"column":10},"end":{"line":57,"column":12}},"12":{"start":{"line":56,"column":30},"end":{"line":56,"column":88}},"13":{"start":{"line":56,"column":56},"end":{"line":56,"column":87}}},"fnMap":{"0":{"name":"(anonymous_0)","decl":{"start":{"line":7,"column":23},"end":{"line":7,"column":24}},"loc":{"start":{"line":7,"column":29},"end":{"line":62,"column":1}},"line":7},"1":{"name":"(anonymous_1)","decl":{"start":{"line":29,"column":6},"end":{"line":29,"column":7}},"loc":{"start":{"line":30,"column":8},"end":{"line":31,"column":70}},"line":30},"2":{"name":"(anonymous_2)","decl":{"start":{"line":51,"column":24},"end":{"line":51,"column":25}},"loc":{"start":{"line":52,"column":10},"end":{"line":57,"column":12}},"line":52},"3":{"name":"(anonymous_3)","decl":{"start":{"line":56,"column":26},"end":{"line":56,"column":27}},"loc":{"start":{"line":56,"column":30},"end":{"line":56,"column":88}},"line":56},"4":{"name":"(anonymous_4)","decl":{"start":{"line":56,"column":43},"end":{"line":56,"column":44}},"loc":{"start":{"line":56,"column":56},"end":{"line":56,"column":87}},"line":56}},"branchMap":{"0":{"loc":{"start":{"line":16,"column":2},"end":{"line":18,"column":3}},"type":"if","locations":[{"start":{"line":16,"column":2},"end":{"line":18,"column":3}},{"start":{},"end":{}}],"line":16},"1":{"loc":{"start":{"line":56,"column":56},"end":{"line":56,"column":87}},"type":"cond-expr","locations":[{"start":{"line":56,"column":77},"end":{"line":56,"column":81}},{"start":{"line":56,"column":82},"end":{"line":56,"column":87}}],"line":56}},"s":{"0":1,"1":3,"2":3,"3":3,"4":3,"5":1,"6":2,"7":2,"8":2,"9":8,"10":2,"11":6,"12":1,"13":1},"f":{"0":3,"1":8,"2":6,"3":1,"4":1},"b":{"0":[1,2],"1":[0,1]},"_coverageSchema":"1a1c01bbd47fc00a2c39e90264f33305004495a9","hash":"d5b76021a476b2a63acaed24202763e692a67fa4"}
,"/Users/anujkamboj.27/Windows_BackUP/NAMASTE_DEV/NAMASTE_REACT/grYp/src/components/ShimmerCommponent.js": {"path":"/Users/anujkamboj.27/Windows_BackUP/NAMASTE_DEV/NAMASTE_REACT/grYp/src/components/ShimmerCommponent.js","statementMap":{"0":{"start":{"line":1,"column":26},"end":{"line":12,"column":1}},"1":{"start":{"line":2,"column":2},"end":{"line":11,"column":2}},"2":{"start":{"line":5,"column":6},"end":{"line":8,"column":12}}},"fnMap":{"0":{"name":"(anonymous_0)","decl":{"start":{"line":1,"column":26},"end":{"line":1,"column":27}},"loc":{"start":{"line":1,"column":32},"end":{"line":12,"column":1}},"line":1},"1":{"name":"(anonymous_1)","decl":{"start":{"line":4,"column":35},"end":{"line":4,"column":36}},"loc":{"start":{"line":5,"column":6},"end":{"line":8,"column":12}},"line":5}},"branchMap":{},"s":{"0":2,"1":3,"2":24},"f":{"0":3,"1":24},"b":{},"_coverageSchema":"1a1c01bbd47fc00a2c39e90264f33305004495a9","hash":"5f07746ac1bb8f5396949edcb2c15b3706c5d0b0"}
,"/Users/anujkamboj.27/Windows_BackUP/NAMASTE_DEV/NAMASTE_REACT/grYp/utils/redux/appStore.js": {"path":"/Users/anujkamboj.27/Windows_BackUP/NAMASTE_DEV/NAMASTE_REACT/grYp/utils/redux/appStore.js","statementMap":{"0":{"start":{"line":4,"column":17},"end":{"line":8,"column":2}}},"fnMap":{},"branchMap":{},"s":{"0":2},"f":{},"b":{},"_coverageSchema":"1a1c01bbd47fc00a2c39e90264f33305004495a9","hash":"ff296053cec0decfd6c91f54362bc96d48737a8f"}
}
