TN:
SF:src/components/BodyComponent.js
FN:8,(anonymous_0)
FN:17,(anonymous_1)
FN:21,(anonymous_2)
FN:70,(anonymous_3)
FN:77,(anonymous_4)
FN:79,(anonymous_5)
FN:94,(anonymous_6)
FN:96,(anonymous_7)
FN:105,(anonymous_8)
FNF:9
FNH:9
FNDA:7,(anonymous_0)
FNDA:2,(anonymous_1)
FNDA:2,(anonymous_2)
FNDA:1,(anonymous_3)
FNDA:1,(anonymous_4)
FNDA:8,(anonymous_5)
FNDA:1,(anonymous_6)
FNDA:8,(anonymous_7)
FNDA:30,(anonymous_8)
DA:8,1
DA:9,7
DA:10,7
DA:11,7
DA:13,7
DA:15,7
DA:17,7
DA:18,2
DA:21,7
DA:22,2
DA:23,2
DA:25,2
DA:29,2
DA:42,7
DA:71,1
DA:78,1
DA:79,1
DA:80,8
DA:84,1
DA:85,1
DA:95,1
DA:96,8
DA:98,1
DA:106,30
LF:24
LH:24
BRDA:42,0,0,2
BRDA:42,0,1,5
BRDA:47,1,0,5
BRDA:47,1,1,0
BRDA:48,2,0,5
BRDA:48,2,1,0
BRDA:110,3,0,30
BRDA:110,3,1,0
BRF:8
BRH:5
end_of_record
TN:
SF:src/components/CartComponent.js
FN:6,(anonymous_0)
FN:7,(anonymous_1)
FN:11,(anonymous_2)
FN:22,(anonymous_3)
FNF:4
FNH:2
FNDA:3,(anonymous_0)
FNDA:6,(anonymous_1)
FNDA:0,(anonymous_2)
FNDA:0,(anonymous_3)
DA:6,1
DA:7,6
DA:9,3
DA:11,3
DA:13,0
DA:16,3
DA:22,0
LF:7
LH:5
BRDA:32,0,0,3
BRDA:32,0,1,1
BRF:2
BRH:2
end_of_record
TN:
SF:src/components/HeaderComponent.js
FN:7,(anonymous_0)
FN:12,(anonymous_1)
FN:43,(anonymous_2)
FNF:3
FNH:3
FNDA:8,(anonymous_0)
FNDA:15,(anonymous_1)
FNDA:1,(anonymous_2)
DA:7,2
DA:8,8
DA:9,8
DA:12,15
DA:14,8
DA:44,1
LF:6
LH:6
BRDA:44,0,0,1
BRDA:44,0,1,0
BRDA:52,1,0,8
BRDA:52,1,1,1
BRF:4
BRH:3
end_of_record
TN:
SF:src/components/ItemListAccordion.js
FN:5,(anonymous_0)
FN:8,(anonymous_1)
FN:10,(anonymous_2)
FN:16,(anonymous_3)
FN:24,(anonymous_4)
FN:50,(anonymous_5)
FN:57,(anonymous_6)
FNF:7
FNH:5
FNDA:7,(anonymous_0)
FNDA:14,(anonymous_1)
FNDA:2,(anonymous_2)
FNDA:0,(anonymous_3)
FNDA:12,(anonymous_4)
FNDA:0,(anonymous_5)
FNDA:2,(anonymous_6)
DA:5,1
DA:6,7
DA:8,14
DA:10,7
DA:13,2
DA:16,7
DA:19,0
DA:22,7
DA:25,12
DA:50,0
DA:57,2
LF:11
LH:9
BRDA:47,0,0,12
BRDA:47,0,1,7
BRF:2
BRH:2
end_of_record
TN:
SF:src/components/Profile.js
FN:4,(anonymous_0)
FN:20,(anonymous_1)
FNF:2
FNH:1
FNDA:2,(anonymous_0)
FNDA:0,(anonymous_1)
DA:4,1
DA:5,2
DA:7,2
DA:21,0
LF:4
LH:3
BRF:0
BRH:0
end_of_record
TN:
SF:src/components/RestaurantCard.js
FN:4,(anonymous_0)
FN:46,(anonymous_1)
FN:47,(anonymous_2)
FNF:3
FNH:3
FNDA:30,(anonymous_0)
FNDA:7,(anonymous_1)
FNDA:30,(anonymous_2)
DA:4,1
DA:5,30
DA:7,30
DA:9,30
DA:46,1
DA:47,7
DA:48,30
LF:7
LH:7
BRF:0
BRH:0
end_of_record
TN:
SF:src/components/RestaurantMenu.js
FN:7,(anonymous_0)
FN:29,(anonymous_1)
FN:51,(anonymous_2)
FN:56,(anonymous_3)
FN:56,(anonymous_4)
FNF:5
FNH:5
FNDA:3,(anonymous_0)
FNDA:8,(anonymous_1)
FNDA:6,(anonymous_2)
FNDA:1,(anonymous_3)
FNDA:1,(anonymous_4)
DA:7,1
DA:8,3
DA:10,3
DA:14,3
DA:16,3
DA:17,1
DA:21,2
DA:24,2
DA:28,2
DA:30,8
DA:35,2
DA:52,6
DA:56,1
LF:13
LH:13
BRDA:16,0,0,1
BRDA:16,0,1,2
BRDA:56,1,0,0
BRDA:56,1,1,1
BRF:4
BRH:3
end_of_record
TN:
SF:src/components/ShimmerCommponent.js
FN:1,(anonymous_0)
FN:4,(anonymous_1)
FNF:2
FNH:2
FNDA:3,(anonymous_0)
FNDA:24,(anonymous_1)
DA:1,2
DA:2,3
DA:5,24
LF:3
LH:3
BRF:0
BRH:0
end_of_record
TN:
SF:utils/redux/appStore.js
FNF:0
FNH:0
DA:4,2
LF:1
LH:1
BRF:0
BRH:0
end_of_record
